  SBitArray.cpp
C:\Users\Евгений\Documents\диск2\Научная работа\Кандидатская диссертация\Github\Dissertation D-codes\Probability Decoders\dcode\dcode\Codes\SBitArray.cpp(56,81): warning C4267: аргумент: преобразование из "size_t" в "int"; возможна потеря данных
C:\Users\Евгений\Documents\диск2\Научная работа\Кандидатская диссертация\Github\Dissertation D-codes\Probability Decoders\dcode\dcode\Codes\SBitArray.cpp(73,118): warning C4244: аргумент: преобразование "_Rep" в "unsigned int", возможна потеря данных
C:\Users\Евгений\Documents\диск2\Научная работа\Кандидатская диссертация\Github\Dissertation D-codes\Probability Decoders\dcode\dcode\Codes\SBitArray.cpp(73,118): warning C4244:         with
C:\Users\Евгений\Documents\диск2\Научная работа\Кандидатская диссертация\Github\Dissertation D-codes\Probability Decoders\dcode\dcode\Codes\SBitArray.cpp(73,118): warning C4244:         [
C:\Users\Евгений\Documents\диск2\Научная работа\Кандидатская диссертация\Github\Dissertation D-codes\Probability Decoders\dcode\dcode\Codes\SBitArray.cpp(73,118): warning C4244:             _Rep=__int64
C:\Users\Евгений\Documents\диск2\Научная работа\Кандидатская диссертация\Github\Dissertation D-codes\Probability Decoders\dcode\dcode\Codes\SBitArray.cpp(73,118): warning C4244:         ]
C:\Users\Евгений\Documents\диск2\Научная работа\Кандидатская диссертация\Github\Dissertation D-codes\Probability Decoders\dcode\dcode\Codes\SBitArray.cpp(93,15): warning C4018: >: несоответствие типов со знаком и без знака
C:\Users\Евгений\Documents\диск2\Научная работа\Кандидатская диссертация\Github\Dissertation D-codes\Probability Decoders\dcode\dcode\Codes\SBitArray.cpp(130,15): warning C4244: аргумент: преобразование "time_t" в "unsigned int", возможна потеря данных
C:\Users\Евгений\Documents\диск2\Научная работа\Кандидатская диссертация\Github\Dissertation D-codes\Probability Decoders\dcode\dcode\Codes\SBitArray.cpp(139,11): warning C4244: аргумент: преобразование "uint64_t" в "unsigned int", возможна потеря данных
C:\Users\Евгений\Documents\диск2\Научная работа\Кандидатская диссертация\Github\Dissertation D-codes\Probability Decoders\dcode\dcode\Codes\SBitArray.cpp(340,26): warning C4018: <: несоответствие типов со знаком и без знака
C:\Users\Евгений\Documents\диск2\Научная работа\Кандидатская диссертация\Github\Dissertation D-codes\Probability Decoders\dcode\dcode\Codes\SBitArray.cpp(441,15): warning C4244: инициализация: преобразование "quint64" в "int", возможна потеря данных
C:\Users\Евгений\Documents\диск2\Научная работа\Кандидатская диссертация\Github\Dissertation D-codes\Probability Decoders\dcode\dcode\Codes\SBitArray.cpp(505,65): warning C4018: >: несоответствие типов со знаком и без знака
C:\Users\Евгений\Documents\диск2\Научная работа\Кандидатская диссертация\Github\Dissertation D-codes\Probability Decoders\dcode\dcode\Codes\SBitArray.cpp(511,15): warning C4244: инициализация: преобразование "quint64" в "int", возможна потеря данных
C:\Users\Евгений\Documents\диск2\Научная работа\Кандидатская диссертация\Github\Dissertation D-codes\Probability Decoders\dcode\dcode\Codes\SBitArray.cpp(519,65): warning C4018: >: несоответствие типов со знаком и без знака
C:\Users\Евгений\Documents\диск2\Научная работа\Кандидатская диссертация\Github\Dissertation D-codes\Probability Decoders\dcode\dcode\Codes\SBitArray.cpp(525,15): warning C4244: инициализация: преобразование "quint64" в "int", возможна потеря данных
C:\Users\Евгений\Documents\диск2\Научная работа\Кандидатская диссертация\Github\Dissertation D-codes\Probability Decoders\dcode\dcode\Codes\SBitArray.cpp(534,44): warning C4018: >: несоответствие типов со знаком и без знака
C:\Users\Евгений\Documents\диск2\Научная работа\Кандидатская диссертация\Github\Dissertation D-codes\Probability Decoders\dcode\dcode\Codes\SBitArray.cpp(646,31): warning C4018: <: несоответствие типов со знаком и без знака
C:\Users\Евгений\Documents\диск2\Научная работа\Кандидатская диссертация\Github\Dissertation D-codes\Probability Decoders\dcode\dcode\Codes\SBitArray.cpp(650,31): warning C4018: <: несоответствие типов со знаком и без знака
C:\Users\Евгений\Documents\диск2\Научная работа\Кандидатская диссертация\Github\Dissertation D-codes\Probability Decoders\dcode\dcode\Codes\SBitArray.cpp(666,24): warning C4334: <<: результат 32-разрядного смещения неявно преобразуется в 64-разрядное значение (предполагалось 64-разрядное смещение?)
C:\Users\Евгений\Documents\диск2\Научная работа\Кандидатская диссертация\Github\Dissertation D-codes\Probability Decoders\dcode\dcode\Codes\SBitArray.cpp(691,24): warning C4334: <<: результат 32-разрядного смещения неявно преобразуется в 64-разрядное значение (предполагалось 64-разрядное смещение?)
C:\Users\Евгений\Documents\диск2\Научная работа\Кандидатская диссертация\Github\Dissertation D-codes\Probability Decoders\dcode\dcode\Codes\SBitArray.cpp(854,37): warning C4018: >: несоответствие типов со знаком и без знака
C:\Users\Евгений\Documents\диск2\Научная работа\Кандидатская диссертация\Github\Dissertation D-codes\Probability Decoders\dcode\dcode\Crypto\BlockCiphers\modes.hpp(12,95): warning C4267: инициализация: преобразование из "size_t" в "BYTE"; возможна потеря данных
  (compiling source file '../Codes/SBitArray.cpp')
      C:\Users\Евгений\Documents\диск2\Научная работа\Кандидатская диссертация\Github\Dissertation D-codes\Probability Decoders\dcode\dcode\Crypto\BlockCiphers\modes.hpp(12,95):
      контекст создания экземпляра шаблона (сначала самый старый)
          C:\Users\Евгений\Documents\диск2\Научная работа\Кандидатская диссертация\Github\Dissertation D-codes\Probability Decoders\dcode\dcode\Codes\SBitArray.cpp(180,43):
          выполняется компиляция ссылки на экземпляр класс шаблон функции "SRandomGenerator_OFBGamma<Kuznyechik>"
          C:\Users\Евгений\Documents\диск2\Научная работа\Кандидатская диссертация\Github\Dissertation D-codes\Probability Decoders\dcode\dcode\Crypto\RandomGenerators\OFBGamma\srandomgenerator_ofbgamma.h(33,14):
          во время компиляции функции-члена класс шаблон "uint64_t SRandomGenerator_OFBGamma<Kuznyechik>::generate64(void)"
          C:\Users\Евгений\Documents\диск2\Научная работа\Кандидатская диссертация\Github\Dissertation D-codes\Probability Decoders\dcode\dcode\Crypto\RandomGenerators\OFBGamma\srandomgenerator_ofbgamma.h(37,37):
          выполняется компиляция ссылки на экземпляр класс шаблон функции "CFB_Mode<CipherType>"
          with
          [
              CipherType=Kuznyechik
          ]
          C:\Users\Евгений\Documents\диск2\Научная работа\Кандидатская диссертация\Github\Dissertation D-codes\Probability Decoders\dcode\dcode\Crypto\BlockCiphers\modes.hpp(11,84):
          во время компиляции функции-члена класс шаблон "CFB_Mode<CipherType>::CFB_Mode(const CipherType &,const ByteBlock &)"
          with
          [
              CipherType=Kuznyechik
          ]
              C:\Users\Евгений\Documents\диск2\Научная работа\Кандидатская диссертация\Github\Dissertation D-codes\Probability Decoders\dcode\dcode\Crypto\RandomGenerators\OFBGamma\srandomgenerator_ofbgamma.h(20,23):
              см. первую ссылку на "CFB_Mode<CipherType>::CFB_Mode" в "SRandomGenerator_OFBGamma<Kuznyechik>::SRandomGenerator_OFBGamma"
          with
          [
              CipherType=Kuznyechik
          ]
              C:\Users\Евгений\Documents\диск2\Научная работа\Кандидатская диссертация\Github\Dissertation D-codes\Probability Decoders\dcode\dcode\Codes\SBitArray.cpp(180,52):
              см. первую ссылку на "SRandomGenerator_OFBGamma<Kuznyechik>::SRandomGenerator_OFBGamma" в "SBitsArray::pass_through_bsc_secure_rand_OFB"
  
  dcode.cpp
C:\Users\Евгений\Documents\диск2\Научная работа\Кандидатская диссертация\Github\Dissertation D-codes\Probability Decoders\dcode\dcode\Codes\vectorspacef2.h(28,13): error C2065: cout: необъявленный идентификатор
  (compiling source file '../Codes/dcode.cpp')
  
C:\Users\Евгений\Documents\диск2\Научная работа\Кандидатская диссертация\Github\Dissertation D-codes\Probability Decoders\dcode\dcode\Codes\vectorspacef2.h(35,51): warning C4244: =: преобразование "int64_t" в "int", возможна потеря данных
  (compiling source file '../Codes/dcode.cpp')
  
C:\Users\Евгений\Documents\диск2\Научная работа\Кандидатская диссертация\Github\Dissertation D-codes\Probability Decoders\dcode\dcode\Codes\vectorspacef2.h(46,27): warning C4244: инициализация: преобразование "qint64" в "int", возможна потеря данных
  (compiling source file '../Codes/dcode.cpp')
  
C:\Users\Евгений\Documents\диск2\Научная работа\Кандидатская диссертация\Github\Dissertation D-codes\Probability Decoders\dcode\dcode\Codes\vectorspacef2.h(51,17): error C2065: cout: необъявленный идентификатор
  (compiling source file '../Codes/dcode.cpp')
  
C:\Users\Евгений\Documents\диск2\Научная работа\Кандидатская диссертация\Github\Dissertation D-codes\Probability Decoders\dcode\dcode\Codes\vectorspacef2.h(72,17): error C2065: cout: необъявленный идентификатор
  (compiling source file '../Codes/dcode.cpp')
  
C:\Users\Евгений\Documents\диск2\Научная работа\Кандидатская диссертация\Github\Dissertation D-codes\Probability Decoders\dcode\dcode\Codes\rmcode.h(73,51): warning C4244: аргумент: преобразование "uint64_t" в "uint8_t", возможна потеря данных
  (compiling source file '../Codes/dcode.cpp')
  
C:\Users\Евгений\Documents\диск2\Научная работа\Кандидатская диссертация\Github\Dissertation D-codes\Probability Decoders\dcode\dcode\Codes\dcode.cpp(6,20): warning C4244: аргумент: преобразование "quint16" в "uint8_t", возможна потеря данных
C:\Users\Евгений\Documents\диск2\Научная работа\Кандидатская диссертация\Github\Dissertation D-codes\Probability Decoders\dcode\dcode\Codes\dcode.cpp(6,16): warning C4244: аргумент: преобразование "quint16" в "uint8_t", возможна потеря данных
C:\Users\Евгений\Documents\диск2\Научная работа\Кандидатская диссертация\Github\Dissertation D-codes\Probability Decoders\dcode\dcode\Codes\dcode.cpp(7,20): warning C4244: аргумент: преобразование "quint16" в "uint8_t", возможна потеря данных
C:\Users\Евгений\Documents\диск2\Научная работа\Кандидатская диссертация\Github\Dissertation D-codes\Probability Decoders\dcode\dcode\Codes\dcode.cpp(7,16): warning C4244: аргумент: преобразование "quint16" в "uint8_t", возможна потеря данных
C:\Users\Евгений\Documents\диск2\Научная работа\Кандидатская диссертация\Github\Dissertation D-codes\Probability Decoders\dcode\dcode\Codes\dcode.cpp(38,49): warning C4334: <<: результат 32-разрядного смещения неявно преобразуется в 64-разрядное значение (предполагалось 64-разрядное смещение?)
C:\Users\Евгений\Documents\диск2\Научная работа\Кандидатская диссертация\Github\Dissertation D-codes\Probability Decoders\dcode\dcode\Codes\dcode.cpp(58,102): warning C4334: <<: результат 32-разрядного смещения неявно преобразуется в 64-разрядное значение (предполагалось 64-разрядное смещение?)
C:\Users\Евгений\Documents\диск2\Научная работа\Кандидатская диссертация\Github\Dissertation D-codes\Probability Decoders\dcode\dcode\Codes\dcode.cpp(68,49): warning C4334: <<: результат 32-разрядного смещения неявно преобразуется в 64-разрядное значение (предполагалось 64-разрядное смещение?)
C:\Users\Евгений\Documents\диск2\Научная работа\Кандидатская диссертация\Github\Dissertation D-codes\Probability Decoders\dcode\dcode\Codes\dcode.cpp(74,102): warning C4334: <<: результат 32-разрядного смещения неявно преобразуется в 64-разрядное значение (предполагалось 64-разрядное смещение?)
C:\Users\Евгений\Documents\диск2\Научная работа\Кандидатская диссертация\Github\Dissertation D-codes\Probability Decoders\dcode\dcode\Codes\dcode.cpp(113,54): warning C4018: <: несоответствие типов со знаком и без знака
C:\Users\Евгений\Documents\диск2\Научная работа\Кандидатская диссертация\Github\Dissertation D-codes\Probability Decoders\dcode\dcode\Codes\dcode.cpp(119,50): warning C4334: <<: результат 32-разрядного смещения неявно преобразуется в 64-разрядное значение (предполагалось 64-разрядное смещение?)
C:\Users\Евгений\Documents\диск2\Научная работа\Кандидатская диссертация\Github\Dissertation D-codes\Probability Decoders\dcode\dcode\Codes\dcode.cpp(119,78): warning C4334: <<: результат 32-разрядного смещения неявно преобразуется в 64-разрядное значение (предполагалось 64-разрядное смещение?)
C:\Users\Евгений\Documents\диск2\Научная работа\Кандидатская диссертация\Github\Dissertation D-codes\Probability Decoders\dcode\dcode\Codes\dcode.cpp(167,44): warning C4334: <<: результат 32-разрядного смещения неявно преобразуется в 64-разрядное значение (предполагалось 64-разрядное смещение?)
C:\Users\Евгений\Documents\диск2\Научная работа\Кандидатская диссертация\Github\Dissertation D-codes\Probability Decoders\dcode\dcode\Codes\dcode.cpp(282,103): warning C4334: <<: результат 32-разрядного смещения неявно преобразуется в 64-разрядное значение (предполагалось 64-разрядное смещение?)
C:\Users\Евгений\Documents\диск2\Научная работа\Кандидатская диссертация\Github\Dissertation D-codes\Probability Decoders\dcode\dcode\Codes\dcode.cpp(456,67): warning C4334: <<: результат 32-разрядного смещения неявно преобразуется в 64-разрядное значение (предполагалось 64-разрядное смещение?)
C:\Users\Евгений\Documents\диск2\Научная работа\Кандидатская диссертация\Github\Dissertation D-codes\Probability Decoders\dcode\dcode\Codes\dcode.cpp(459,67): warning C4334: <<: результат 32-разрядного смещения неявно преобразуется в 64-разрядное значение (предполагалось 64-разрядное смещение?)
C:\Users\Евгений\Documents\диск2\Научная работа\Кандидатская диссертация\Github\Dissertation D-codes\Probability Decoders\dcode\dcode\Codes\dcode.cpp(467,45): warning C4334: <<: результат 32-разрядного смещения неявно преобразуется в 64-разрядное значение (предполагалось 64-разрядное смещение?)
C:\Users\Евгений\Documents\диск2\Научная работа\Кандидатская диссертация\Github\Dissertation D-codes\Probability Decoders\dcode\dcode\Codes\dcode.cpp(604,109): warning C4334: <<: результат 32-разрядного смещения неявно преобразуется в 64-разрядное значение (предполагалось 64-разрядное смещение?)
C:\Users\Евгений\Documents\диск2\Научная работа\Кандидатская диссертация\Github\Dissertation D-codes\Probability Decoders\dcode\dcode\Codes\dcode.cpp(738,62): warning C4334: <<: результат 32-разрядного смещения неявно преобразуется в 64-разрядное значение (предполагалось 64-разрядное смещение?)
C:\Users\Евгений\Documents\диск2\Научная работа\Кандидатская диссертация\Github\Dissertation D-codes\Probability Decoders\dcode\dcode\Codes\dcode.cpp(739,40): warning C4334: <<: результат 32-разрядного смещения неявно преобразуется в 64-разрядное значение (предполагалось 64-разрядное смещение?)
C:\Users\Евгений\Documents\диск2\Научная работа\Кандидатская диссертация\Github\Dissertation D-codes\Probability Decoders\dcode\dcode\Codes\dcode.cpp(756,48): warning C4334: <<: результат 32-разрядного смещения неявно преобразуется в 64-разрядное значение (предполагалось 64-разрядное смещение?)
C:\Users\Евгений\Documents\диск2\Научная работа\Кандидатская диссертация\Github\Dissertation D-codes\Probability Decoders\dcode\dcode\Codes\dcode.cpp(761,62): warning C4334: <<: результат 32-разрядного смещения неявно преобразуется в 64-разрядное значение (предполагалось 64-разрядное смещение?)
C:\Users\Евгений\Documents\диск2\Научная работа\Кандидатская диссертация\Github\Dissertation D-codes\Probability Decoders\dcode\dcode\Codes\dcode.cpp(795,89): warning C4334: <<: результат 32-разрядного смещения неявно преобразуется в 64-разрядное значение (предполагалось 64-разрядное смещение?)
C:\Users\Евгений\Documents\диск2\Научная работа\Кандидатская диссертация\Github\Dissertation D-codes\Probability Decoders\dcode\dcode\Codes\dcode.cpp(819,100): warning C4334: <<: результат 32-разрядного смещения неявно преобразуется в 64-разрядное значение (предполагалось 64-разрядное смещение?)
C:\Users\Евгений\Documents\диск2\Научная работа\Кандидатская диссертация\Github\Dissertation D-codes\Probability Decoders\dcode\dcode\Codes\dcode.cpp(840,92): warning C4334: <<: результат 32-разрядного смещения неявно преобразуется в 64-разрядное значение (предполагалось 64-разрядное смещение?)
C:\Users\Евгений\Documents\диск2\Научная работа\Кандидатская диссертация\Github\Dissertation D-codes\Probability Decoders\dcode\dcode\Codes\dcode.cpp(903,62): warning C4334: <<: результат 32-разрядного смещения неявно преобразуется в 64-разрядное значение (предполагалось 64-разрядное смещение?)
C:\Users\Евгений\Documents\диск2\Научная работа\Кандидатская диссертация\Github\Dissertation D-codes\Probability Decoders\dcode\dcode\Codes\dcode.cpp(904,40): warning C4334: <<: результат 32-разрядного смещения неявно преобразуется в 64-разрядное значение (предполагалось 64-разрядное смещение?)
C:\Users\Евгений\Documents\диск2\Научная работа\Кандидатская диссертация\Github\Dissertation D-codes\Probability Decoders\dcode\dcode\Codes\dcode.cpp(921,48): warning C4334: <<: результат 32-разрядного смещения неявно преобразуется в 64-разрядное значение (предполагалось 64-разрядное смещение?)
C:\Users\Евгений\Documents\диск2\Научная работа\Кандидатская диссертация\Github\Dissertation D-codes\Probability Decoders\dcode\dcode\Codes\dcode.cpp(926,62): warning C4334: <<: результат 32-разрядного смещения неявно преобразуется в 64-разрядное значение (предполагалось 64-разрядное смещение?)
C:\Users\Евгений\Documents\диск2\Научная работа\Кандидатская диссертация\Github\Dissertation D-codes\Probability Decoders\dcode\dcode\Codes\dcode.cpp(964,89): warning C4334: <<: результат 32-разрядного смещения неявно преобразуется в 64-разрядное значение (предполагалось 64-разрядное смещение?)
C:\Users\Евгений\Documents\диск2\Научная работа\Кандидатская диссертация\Github\Dissertation D-codes\Probability Decoders\dcode\dcode\Codes\dcode.cpp(988,100): warning C4334: <<: результат 32-разрядного смещения неявно преобразуется в 64-разрядное значение (предполагалось 64-разрядное смещение?)
C:\Users\Евгений\Documents\диск2\Научная работа\Кандидатская диссертация\Github\Dissertation D-codes\Probability Decoders\dcode\dcode\Codes\dcode.cpp(1009,92): warning C4334: <<: результат 32-разрядного смещения неявно преобразуется в 64-разрядное значение (предполагалось 64-разрядное смещение?)
  factorclasses.cpp
C:\Users\Евгений\Documents\диск2\Научная работа\Кандидатская диссертация\Github\Dissertation D-codes\Probability Decoders\dcode\dcode\Codes\vectorspacef2.h(28,13): error C2065: cout: необъявленный идентификатор
  (compiling source file '../Codes/factorclasses.cpp')
  
C:\Users\Евгений\Documents\диск2\Научная работа\Кандидатская диссертация\Github\Dissertation D-codes\Probability Decoders\dcode\dcode\Codes\vectorspacef2.h(35,51): warning C4244: =: преобразование "int64_t" в "int", возможна потеря данных
  (compiling source file '../Codes/factorclasses.cpp')
  
C:\Users\Евгений\Documents\диск2\Научная работа\Кандидатская диссертация\Github\Dissertation D-codes\Probability Decoders\dcode\dcode\Codes\vectorspacef2.h(46,27): warning C4244: инициализация: преобразование "qint64" в "int", возможна потеря данных
  (compiling source file '../Codes/factorclasses.cpp')
  
C:\Users\Евгений\Documents\диск2\Научная работа\Кандидатская диссертация\Github\Dissertation D-codes\Probability Decoders\dcode\dcode\Codes\vectorspacef2.h(51,17): error C2065: cout: необъявленный идентификатор
  (compiling source file '../Codes/factorclasses.cpp')
  
C:\Users\Евгений\Documents\диск2\Научная работа\Кандидатская диссертация\Github\Dissertation D-codes\Probability Decoders\dcode\dcode\Codes\vectorspacef2.h(72,17): error C2065: cout: необъявленный идентификатор
  (compiling source file '../Codes/factorclasses.cpp')
  
C:\Users\Евгений\Documents\диск2\Научная работа\Кандидатская диссертация\Github\Dissertation D-codes\Probability Decoders\dcode\dcode\Codes\factorclasses.cpp(51,28): warning C4334: <<: результат 32-разрядного смещения неявно преобразуется в 64-разрядное значение (предполагалось 64-разрядное смещение?)
C:\Users\Евгений\Documents\диск2\Научная работа\Кандидатская диссертация\Github\Dissertation D-codes\Probability Decoders\dcode\dcode\Codes\factorclasses.cpp(62,46): warning C4334: <<: результат 32-разрядного смещения неявно преобразуется в 64-разрядное значение (предполагалось 64-разрядное смещение?)
C:\Users\Евгений\Documents\диск2\Научная работа\Кандидатская диссертация\Github\Dissertation D-codes\Probability Decoders\dcode\dcode\Codes\factorclasses.cpp(63,48): warning C4334: <<: результат 32-разрядного смещения неявно преобразуется в 64-разрядное значение (предполагалось 64-разрядное смещение?)
C:\Users\Евгений\Documents\диск2\Научная работа\Кандидатская диссертация\Github\Dissertation D-codes\Probability Decoders\dcode\dcode\Codes\factorclasses.cpp(88,126): warning C4244: =: преобразование "quint64" в "uint16_t", возможна потеря данных
C:\Users\Евгений\Documents\диск2\Научная работа\Кандидатская диссертация\Github\Dissertation D-codes\Probability Decoders\dcode\dcode\Codes\factorclasses.cpp(91,131): warning C4244: =: преобразование "quint64" в "uint16_t", возможна потеря данных
C:\Users\Евгений\Documents\диск2\Научная работа\Кандидатская диссертация\Github\Dissertation D-codes\Probability Decoders\dcode\dcode\Codes\factorclasses.cpp(100,21): warning C4244: инициализация: преобразование "quint64" в "uint16_t", возможна потеря данных
C:\Users\Евгений\Documents\диск2\Научная работа\Кандидатская диссертация\Github\Dissertation D-codes\Probability Decoders\dcode\dcode\Codes\factorclasses.cpp(101,18): warning C4244: инициализация: преобразование "qint64" в "uint16_t", возможна потеря данных
C:\Users\Евгений\Documents\диск2\Научная работа\Кандидатская диссертация\Github\Dissertation D-codes\Probability Decoders\dcode\dcode\Codes\factorclasses.cpp(113,21): warning C4244: инициализация: преобразование "quint64" в "uint16_t", возможна потеря данных
C:\Users\Евгений\Documents\диск2\Научная работа\Кандидатская диссертация\Github\Dissertation D-codes\Probability Decoders\dcode\dcode\Codes\factorclasses.cpp(114,18): warning C4244: инициализация: преобразование "qint64" в "uint16_t", возможна потеря данных
C:\Users\Евгений\Documents\диск2\Научная работа\Кандидатская диссертация\Github\Dissertation D-codes\Probability Decoders\dcode\dcode\Codes\factorclasses.cpp(129,13): error C2065: cout: необъявленный идентификатор
C:\Users\Евгений\Documents\диск2\Научная работа\Кандидатская диссертация\Github\Dissertation D-codes\Probability Decoders\dcode\dcode\Codes\factorclasses.cpp(129,21): error C2563: несоответствие в списке формальных параметров
C:\Users\Евгений\Documents\диск2\Научная работа\Кандидатская диссертация\Github\Dissertation D-codes\Probability Decoders\dcode\dcode\Codes\factorclasses.cpp(129,21): error C2568: <<: не удается разрешить перегрузку функции
      C:\Users\Евгений\Documents\диск2\Научная работа\Кандидатская диссертация\Github\Dissertation D-codes\Probability Decoders\dcode\dcode\Codes\factorclasses.cpp(129,21):
      может быть "std::basic_ostream<_Elem,_Traits> &std::endl(std::basic_ostream<_Elem,_Traits> &)"
  
C:\Users\Евгений\Documents\диск2\Научная работа\Кандидатская диссертация\Github\Dissertation D-codes\Probability Decoders\dcode\dcode\Codes\factorclasses.cpp(131,17): error C2065: cout: необъявленный идентификатор
C:\Users\Евгений\Documents\диск2\Научная работа\Кандидатская диссертация\Github\Dissertation D-codes\Probability Decoders\dcode\dcode\Codes\factorclasses.cpp(142,13): error C2065: cout: необъявленный идентификатор
C:\Users\Евгений\Documents\диск2\Научная работа\Кандидатская диссертация\Github\Dissertation D-codes\Probability Decoders\dcode\dcode\Codes\factorclasses.cpp(142,21): error C2563: несоответствие в списке формальных параметров
C:\Users\Евгений\Documents\диск2\Научная работа\Кандидатская диссертация\Github\Dissertation D-codes\Probability Decoders\dcode\dcode\Codes\factorclasses.cpp(142,21): error C2568: <<: не удается разрешить перегрузку функции
      C:\Users\Евгений\Documents\диск2\Научная работа\Кандидатская диссертация\Github\Dissertation D-codes\Probability Decoders\dcode\dcode\Codes\factorclasses.cpp(142,21):
      может быть "std::basic_ostream<_Elem,_Traits> &std::endl(std::basic_ostream<_Elem,_Traits> &)"
  
C:\Users\Евгений\Documents\диск2\Научная работа\Кандидатская диссертация\Github\Dissertation D-codes\Probability Decoders\dcode\dcode\Codes\factorclasses.cpp(144,17): error C2065: cout: необъявленный идентификатор
C:\Users\Евгений\Documents\диск2\Научная работа\Кандидатская диссертация\Github\Dissertation D-codes\Probability Decoders\dcode\dcode\Codes\factorclasses.cpp(153,9): error C2065: cout: необъявленный идентификатор
C:\Users\Евгений\Documents\диск2\Научная работа\Кандидатская диссертация\Github\Dissertation D-codes\Probability Decoders\dcode\dcode\Codes\factorclasses.cpp(153,17): error C2563: несоответствие в списке формальных параметров
C:\Users\Евгений\Documents\диск2\Научная работа\Кандидатская диссертация\Github\Dissertation D-codes\Probability Decoders\dcode\dcode\Codes\factorclasses.cpp(153,17): error C2568: <<: не удается разрешить перегрузку функции
      C:\Users\Евгений\Documents\диск2\Научная работа\Кандидатская диссертация\Github\Dissertation D-codes\Probability Decoders\dcode\dcode\Codes\factorclasses.cpp(153,17):
      может быть "std::basic_ostream<_Elem,_Traits> &std::endl(std::basic_ostream<_Elem,_Traits> &)"
  
C:\Users\Евгений\Documents\диск2\Научная работа\Кандидатская диссертация\Github\Dissertation D-codes\Probability Decoders\dcode\dcode\Codes\factorclasses.cpp(155,13): error C2065: cout: необъявленный идентификатор
  rmcode.cpp
C:\Users\Евгений\Documents\диск2\Научная работа\Кандидатская диссертация\Github\Dissertation D-codes\Probability Decoders\dcode\dcode\Codes\vectorspacef2.h(28,13): error C2065: cout: необъявленный идентификатор
  (compiling source file '../Codes/rmcode.cpp')
  
C:\Users\Евгений\Documents\диск2\Научная работа\Кандидатская диссертация\Github\Dissertation D-codes\Probability Decoders\dcode\dcode\Codes\vectorspacef2.h(35,51): warning C4244: =: преобразование "int64_t" в "int", возможна потеря данных
  (compiling source file '../Codes/rmcode.cpp')
  
C:\Users\Евгений\Documents\диск2\Научная работа\Кандидатская диссертация\Github\Dissertation D-codes\Probability Decoders\dcode\dcode\Codes\vectorspacef2.h(46,27): warning C4244: инициализация: преобразование "qint64" в "int", возможна потеря данных
  (compiling source file '../Codes/rmcode.cpp')
  
C:\Users\Евгений\Documents\диск2\Научная работа\Кандидатская диссертация\Github\Dissertation D-codes\Probability Decoders\dcode\dcode\Codes\vectorspacef2.h(51,17): error C2065: cout: необъявленный идентификатор
  (compiling source file '../Codes/rmcode.cpp')
  
C:\Users\Евгений\Documents\диск2\Научная работа\Кандидатская диссертация\Github\Dissertation D-codes\Probability Decoders\dcode\dcode\Codes\vectorspacef2.h(72,17): error C2065: cout: необъявленный идентификатор
  (compiling source file '../Codes/rmcode.cpp')
  
C:\Users\Евгений\Documents\диск2\Научная работа\Кандидатская диссертация\Github\Dissertation D-codes\Probability Decoders\dcode\dcode\Codes\rmcode.h(73,51): warning C4244: аргумент: преобразование "uint64_t" в "uint8_t", возможна потеря данных
  (compiling source file '../Codes/rmcode.cpp')
  
C:\Users\Евгений\Documents\диск2\Научная работа\Кандидатская диссертация\Github\Dissertation D-codes\Probability Decoders\dcode\dcode\Codes\rmcode.cpp(32,25): warning C4334: <<: результат 32-разрядного смещения неявно преобразуется в 64-разрядное значение (предполагалось 64-разрядное смещение?)
C:\Users\Евгений\Documents\диск2\Научная работа\Кандидатская диссертация\Github\Dissertation D-codes\Probability Decoders\dcode\dcode\Codes\rmcode.cpp(64,25): warning C4334: <<: результат 32-разрядного смещения неявно преобразуется в 64-разрядное значение (предполагалось 64-разрядное смещение?)
C:\Users\Евгений\Documents\диск2\Научная работа\Кандидатская диссертация\Github\Dissertation D-codes\Probability Decoders\dcode\dcode\Codes\rmcode.cpp(96,25): warning C4334: <<: результат 32-разрядного смещения неявно преобразуется в 64-разрядное значение (предполагалось 64-разрядное смещение?)
C:\Users\Евгений\Documents\диск2\Научная работа\Кандидатская диссертация\Github\Dissertation D-codes\Probability Decoders\dcode\dcode\Codes\rmcode.cpp(120,59): warning C4334: <<: результат 32-разрядного смещения неявно преобразуется в 64-разрядное значение (предполагалось 64-разрядное смещение?)
C:\Users\Евгений\Documents\диск2\Научная работа\Кандидатская диссертация\Github\Dissertation D-codes\Probability Decoders\dcode\dcode\Codes\rmcode.cpp(137,24): warning C4334: <<: результат 32-разрядного смещения неявно преобразуется в 64-разрядное значение (предполагалось 64-разрядное смещение?)
C:\Users\Евгений\Documents\диск2\Научная работа\Кандидатская диссертация\Github\Dissertation D-codes\Probability Decoders\dcode\dcode\Codes\rmcode.cpp(139,31): warning C4334: <<: результат 32-разрядного смещения неявно преобразуется в 64-разрядное значение (предполагалось 64-разрядное смещение?)
C:\Users\Евгений\Documents\диск2\Научная работа\Кандидатская диссертация\Github\Dissertation D-codes\Probability Decoders\dcode\dcode\Codes\rmcode.cpp(149,24): warning C4334: <<: результат 32-разрядного смещения неявно преобразуется в 64-разрядное значение (предполагалось 64-разрядное смещение?)
C:\Users\Евгений\Documents\диск2\Научная работа\Кандидатская диссертация\Github\Dissertation D-codes\Probability Decoders\dcode\dcode\Codes\rmcode.cpp(151,31): warning C4334: <<: результат 32-разрядного смещения неявно преобразуется в 64-разрядное значение (предполагалось 64-разрядное смещение?)
C:\Users\Евгений\Documents\диск2\Научная работа\Кандидатская диссертация\Github\Dissertation D-codes\Probability Decoders\dcode\dcode\Codes\rmcode.cpp(167,35): warning C4334: <<: результат 32-разрядного смещения неявно преобразуется в 64-разрядное значение (предполагалось 64-разрядное смещение?)
C:\Users\Евгений\Documents\диск2\Научная работа\Кандидатская диссертация\Github\Dissertation D-codes\Probability Decoders\dcode\dcode\Codes\rmcode.cpp(185,35): warning C4334: <<: результат 32-разрядного смещения неявно преобразуется в 64-разрядное значение (предполагалось 64-разрядное смещение?)
C:\Users\Евгений\Documents\диск2\Научная работа\Кандидатская диссертация\Github\Dissertation D-codes\Probability Decoders\dcode\dcode\Codes\rmcode.cpp(187,51): warning C4334: <<: результат 32-разрядного смещения неявно преобразуется в 64-разрядное значение (предполагалось 64-разрядное смещение?)
C:\Users\Евгений\Documents\диск2\Научная работа\Кандидатская диссертация\Github\Dissertation D-codes\Probability Decoders\dcode\dcode\Codes\rmcode.cpp(193,99): warning C4244: аргумент: преобразование "uint64_t" в "const int", возможна потеря данных
C:\Users\Евгений\Documents\диск2\Научная работа\Кандидатская диссертация\Github\Dissertation D-codes\Probability Decoders\dcode\dcode\Codes\rmcode.cpp(201,35): warning C4334: <<: результат 32-разрядного смещения неявно преобразуется в 64-разрядное значение (предполагалось 64-разрядное смещение?)
C:\Users\Евгений\Documents\диск2\Научная работа\Кандидатская диссертация\Github\Dissertation D-codes\Probability Decoders\dcode\dcode\Codes\rmcode.cpp(203,51): warning C4334: <<: результат 32-разрядного смещения неявно преобразуется в 64-разрядное значение (предполагалось 64-разрядное смещение?)
C:\Users\Евгений\Documents\диск2\Научная работа\Кандидатская диссертация\Github\Dissertation D-codes\Probability Decoders\dcode\dcode\Codes\rmcode.cpp(206,53): warning C4334: <<: результат 32-разрядного смещения неявно преобразуется в 64-разрядное значение (предполагалось 64-разрядное смещение?)
C:\Users\Евгений\Documents\диск2\Научная работа\Кандидатская диссертация\Github\Dissertation D-codes\Probability Decoders\dcode\dcode\Codes\rmcode.cpp(207,60): warning C4334: <<: результат 32-разрядного смещения неявно преобразуется в 64-разрядное значение (предполагалось 64-разрядное смещение?)
C:\Users\Евгений\Documents\диск2\Научная работа\Кандидатская диссертация\Github\Dissertation D-codes\Probability Decoders\dcode\dcode\Codes\rmcode.cpp(209,99): warning C4244: аргумент: преобразование "uint64_t" в "const int", возможна потеря данных
C:\Users\Евгений\Documents\диск2\Научная работа\Кандидатская диссертация\Github\Dissertation D-codes\Probability Decoders\dcode\dcode\Codes\rmcode.cpp(242,55): warning C4334: <<: результат 32-разрядного смещения неявно преобразуется в 64-разрядное значение (предполагалось 64-разрядное смещение?)
C:\Users\Евгений\Documents\диск2\Научная работа\Кандидатская диссертация\Github\Dissertation D-codes\Probability Decoders\dcode\dcode\Codes\rmcode.cpp(252,55): warning C4334: <<: результат 32-разрядного смещения неявно преобразуется в 64-разрядное значение (предполагалось 64-разрядное смещение?)
C:\Users\Евгений\Documents\диск2\Научная работа\Кандидатская диссертация\Github\Dissertation D-codes\Probability Decoders\dcode\dcode\Codes\rmcode.cpp(255,33): warning C4334: <<: результат 32-разрядного смещения неявно преобразуется в 64-разрядное значение (предполагалось 64-разрядное смещение?)
C:\Users\Евгений\Documents\диск2\Научная работа\Кандидатская диссертация\Github\Dissertation D-codes\Probability Decoders\dcode\dcode\Codes\rmcode.cpp(272,55): warning C4334: <<: результат 32-разрядного смещения неявно преобразуется в 64-разрядное значение (предполагалось 64-разрядное смещение?)
C:\Users\Евгений\Documents\диск2\Научная работа\Кандидатская диссертация\Github\Dissertation D-codes\Probability Decoders\dcode\dcode\Codes\rmcode.cpp(274,99): warning C4244: аргумент: преобразование "uint64_t" в "const int", возможна потеря данных
C:\Users\Евгений\Documents\диск2\Научная работа\Кандидатская диссертация\Github\Dissertation D-codes\Probability Decoders\dcode\dcode\Codes\rmcode.cpp(296,55): warning C4334: <<: результат 32-разрядного смещения неявно преобразуется в 64-разрядное значение (предполагалось 64-разрядное смещение?)
C:\Users\Евгений\Documents\диск2\Научная работа\Кандидатская диссертация\Github\Dissertation D-codes\Probability Decoders\dcode\dcode\Codes\rmcode.cpp(298,104): warning C4244: аргумент: преобразование "uint64_t" в "const int", возможна потеря данных
C:\Users\Евгений\Documents\диск2\Научная работа\Кандидатская диссертация\Github\Dissertation D-codes\Probability Decoders\dcode\dcode\Codes\rmcode.cpp(423,35): warning C4334: <<: результат 32-разрядного смещения неявно преобразуется в 64-разрядное значение (предполагалось 64-разрядное смещение?)
C:\Users\Евгений\Documents\диск2\Научная работа\Кандидатская диссертация\Github\Dissertation D-codes\Probability Decoders\dcode\dcode\Codes\rmcode.cpp(456,35): warning C4334: <<: результат 32-разрядного смещения неявно преобразуется в 64-разрядное значение (предполагалось 64-разрядное смещение?)
C:\Users\Евгений\Documents\диск2\Научная работа\Кандидатская диссертация\Github\Dissertation D-codes\Probability Decoders\dcode\dcode\Codes\rmcode.cpp(489,35): warning C4334: <<: результат 32-разрядного смещения неявно преобразуется в 64-разрядное значение (предполагалось 64-разрядное смещение?)
C:\Users\Евгений\Documents\диск2\Научная работа\Кандидатская диссертация\Github\Dissertation D-codes\Probability Decoders\dcode\dcode\Codes\rmcode.cpp(522,35): warning C4334: <<: результат 32-разрядного смещения неявно преобразуется в 64-разрядное значение (предполагалось 64-разрядное смещение?)
C:\Users\Евгений\Documents\диск2\Научная работа\Кандидатская диссертация\Github\Dissertation D-codes\Probability Decoders\dcode\dcode\Codes\rmcode.cpp(575,23): warning C4334: <<: результат 32-разрядного смещения неявно преобразуется в 64-разрядное значение (предполагалось 64-разрядное смещение?)
C:\Users\Евгений\Documents\диск2\Научная работа\Кандидатская диссертация\Github\Dissertation D-codes\Probability Decoders\dcode\dcode\Codes\rmcode.cpp(582,32): warning C4334: <<: результат 32-разрядного смещения неявно преобразуется в 64-разрядное значение (предполагалось 64-разрядное смещение?)
C:\Users\Евгений\Documents\диск2\Научная работа\Кандидатская диссертация\Github\Dissertation D-codes\Probability Decoders\dcode\dcode\Codes\rmcode.cpp(589,54): warning C4244: аргумент: преобразование "uint64_t" в "const int", возможна потеря данных
C:\Users\Евгений\Documents\диск2\Научная работа\Кандидатская диссертация\Github\Dissertation D-codes\Probability Decoders\dcode\dcode\Codes\rmcode.cpp(594,25): warning C4244: аргумент: преобразование "uint64_t" в "const int", возможна потеря данных
C:\Users\Евгений\Documents\диск2\Научная работа\Кандидатская диссертация\Github\Dissertation D-codes\Probability Decoders\dcode\dcode\Codes\rmcode.cpp(629,23): warning C4334: <<: результат 32-разрядного смещения неявно преобразуется в 64-разрядное значение (предполагалось 64-разрядное смещение?)
C:\Users\Евгений\Documents\диск2\Научная работа\Кандидатская диссертация\Github\Dissertation D-codes\Probability Decoders\dcode\dcode\Codes\rmcode.cpp(637,32): warning C4334: <<: результат 32-разрядного смещения неявно преобразуется в 64-разрядное значение (предполагалось 64-разрядное смещение?)
C:\Users\Евгений\Documents\диск2\Научная работа\Кандидатская диссертация\Github\Dissertation D-codes\Probability Decoders\dcode\dcode\Codes\rmcode.cpp(644,59): warning C4244: аргумент: преобразование "uint64_t" в "const int", возможна потеря данных
C:\Users\Евгений\Documents\диск2\Научная работа\Кандидатская диссертация\Github\Dissertation D-codes\Probability Decoders\dcode\dcode\Codes\rmcode.cpp(649,25): warning C4244: аргумент: преобразование "uint64_t" в "const int", возможна потеря данных
C:\Users\Евгений\Documents\диск2\Научная работа\Кандидатская диссертация\Github\Dissertation D-codes\Probability Decoders\dcode\dcode\Codes\rmcode.cpp(687,55): warning C4244: аргумент: преобразование "uint64_t" в "const int", возможна потеря данных
C:\Users\Евгений\Documents\диск2\Научная работа\Кандидатская диссертация\Github\Dissertation D-codes\Probability Decoders\dcode\dcode\Codes\rmcode.cpp(692,21): warning C4244: аргумент: преобразование "uint64_t" в "const int", возможна потеря данных
C:\Users\Евгений\Documents\диск2\Научная работа\Кандидатская диссертация\Github\Dissertation D-codes\Probability Decoders\dcode\dcode\Codes\rmcode.cpp(724,30): warning C4244: аргумент: преобразование "uint16_t" в "uint8_t", возможна потеря данных
C:\Users\Евгений\Documents\диск2\Научная работа\Кандидатская диссертация\Github\Dissertation D-codes\Probability Decoders\dcode\dcode\Codes\rmcode.cpp(807,50): warning C4334: <<: результат 32-разрядного смещения неявно преобразуется в 64-разрядное значение (предполагалось 64-разрядное смещение?)
C:\Users\Евгений\Documents\диск2\Научная работа\Кандидатская диссертация\Github\Dissertation D-codes\Probability Decoders\dcode\dcode\Codes\rmcode.cpp(808,56): warning C4334: <<: результат 32-разрядного смещения неявно преобразуется в 64-разрядное значение (предполагалось 64-разрядное смещение?)
C:\Users\Евгений\Documents\диск2\Научная работа\Кандидатская диссертация\Github\Dissertation D-codes\Probability Decoders\dcode\dcode\Codes\rmcode.cpp(809,41): warning C4334: <<: результат 32-разрядного смещения неявно преобразуется в 64-разрядное значение (предполагалось 64-разрядное смещение?)
C:\Users\Евгений\Documents\диск2\Научная работа\Кандидатская диссертация\Github\Dissertation D-codes\Probability Decoders\dcode\dcode\Codes\rmcode.cpp(811,54): warning C4334: <<: результат 32-разрядного смещения неявно преобразуется в 64-разрядное значение (предполагалось 64-разрядное смещение?)
C:\Users\Евгений\Documents\диск2\Научная работа\Кандидатская диссертация\Github\Dissertation D-codes\Probability Decoders\dcode\dcode\Codes\rmcode.cpp(817,43): warning C4334: <<: результат 32-разрядного смещения неявно преобразуется в 64-разрядное значение (предполагалось 64-разрядное смещение?)
C:\Users\Евгений\Documents\диск2\Научная работа\Кандидатская диссертация\Github\Dissertation D-codes\Probability Decoders\dcode\dcode\Codes\rmcode.cpp(829,27): warning C4334: <<: результат 32-разрядного смещения неявно преобразуется в 64-разрядное значение (предполагалось 64-разрядное смещение?)
C:\Users\Евгений\Documents\диск2\Научная работа\Кандидатская диссертация\Github\Dissertation D-codes\Probability Decoders\dcode\dcode\Codes\rmcode.cpp(831,38): warning C4334: <<: результат 32-разрядного смещения неявно преобразуется в 64-разрядное значение (предполагалось 64-разрядное смещение?)
C:\Users\Евгений\Documents\диск2\Научная работа\Кандидатская диссертация\Github\Dissertation D-codes\Probability Decoders\dcode\dcode\Codes\rmcode.cpp(863,50): warning C4334: <<: результат 32-разрядного смещения неявно преобразуется в 64-разрядное значение (предполагалось 64-разрядное смещение?)
C:\Users\Евгений\Documents\диск2\Научная работа\Кандидатская диссертация\Github\Dissertation D-codes\Probability Decoders\dcode\dcode\Codes\rmcode.cpp(864,56): warning C4334: <<: результат 32-разрядного смещения неявно преобразуется в 64-разрядное значение (предполагалось 64-разрядное смещение?)
C:\Users\Евгений\Documents\диск2\Научная работа\Кандидатская диссертация\Github\Dissertation D-codes\Probability Decoders\dcode\dcode\Codes\rmcode.cpp(865,41): warning C4334: <<: результат 32-разрядного смещения неявно преобразуется в 64-разрядное значение (предполагалось 64-разрядное смещение?)
C:\Users\Евгений\Documents\диск2\Научная работа\Кандидатская диссертация\Github\Dissertation D-codes\Probability Decoders\dcode\dcode\Codes\rmcode.cpp(867,54): warning C4334: <<: результат 32-разрядного смещения неявно преобразуется в 64-разрядное значение (предполагалось 64-разрядное смещение?)
C:\Users\Евгений\Documents\диск2\Научная работа\Кандидатская диссертация\Github\Dissertation D-codes\Probability Decoders\dcode\dcode\Codes\rmcode.cpp(873,43): warning C4334: <<: результат 32-разрядного смещения неявно преобразуется в 64-разрядное значение (предполагалось 64-разрядное смещение?)
C:\Users\Евгений\Documents\диск2\Научная работа\Кандидатская диссертация\Github\Dissertation D-codes\Probability Decoders\dcode\dcode\Codes\rmcode.cpp(885,27): warning C4334: <<: результат 32-разрядного смещения неявно преобразуется в 64-разрядное значение (предполагалось 64-разрядное смещение?)
C:\Users\Евгений\Documents\диск2\Научная работа\Кандидатская диссертация\Github\Dissertation D-codes\Probability Decoders\dcode\dcode\Codes\rmcode.cpp(887,38): warning C4334: <<: результат 32-разрядного смещения неявно преобразуется в 64-разрядное значение (предполагалось 64-разрядное смещение?)
C:\Users\Евгений\Documents\диск2\Научная работа\Кандидатская диссертация\Github\Dissertation D-codes\Probability Decoders\dcode\dcode\Codes\rmcode.cpp(922,50): warning C4334: <<: результат 32-разрядного смещения неявно преобразуется в 64-разрядное значение (предполагалось 64-разрядное смещение?)
C:\Users\Евгений\Documents\диск2\Научная работа\Кандидатская диссертация\Github\Dissertation D-codes\Probability Decoders\dcode\dcode\Codes\rmcode.cpp(923,56): warning C4334: <<: результат 32-разрядного смещения неявно преобразуется в 64-разрядное значение (предполагалось 64-разрядное смещение?)
C:\Users\Евгений\Documents\диск2\Научная работа\Кандидатская диссертация\Github\Dissertation D-codes\Probability Decoders\dcode\dcode\Codes\rmcode.cpp(924,41): warning C4334: <<: результат 32-разрядного смещения неявно преобразуется в 64-разрядное значение (предполагалось 64-разрядное смещение?)
C:\Users\Евгений\Documents\диск2\Научная работа\Кандидатская диссертация\Github\Dissertation D-codes\Probability Decoders\dcode\dcode\Codes\rmcode.cpp(926,54): warning C4334: <<: результат 32-разрядного смещения неявно преобразуется в 64-разрядное значение (предполагалось 64-разрядное смещение?)
C:\Users\Евгений\Documents\диск2\Научная работа\Кандидатская диссертация\Github\Dissertation D-codes\Probability Decoders\dcode\dcode\Codes\rmcode.cpp(932,43): warning C4334: <<: результат 32-разрядного смещения неявно преобразуется в 64-разрядное значение (предполагалось 64-разрядное смещение?)
C:\Users\Евгений\Documents\диск2\Научная работа\Кандидатская диссертация\Github\Dissertation D-codes\Probability Decoders\dcode\dcode\Codes\rmcode.cpp(944,27): warning C4334: <<: результат 32-разрядного смещения неявно преобразуется в 64-разрядное значение (предполагалось 64-разрядное смещение?)
C:\Users\Евгений\Documents\диск2\Научная работа\Кандидатская диссертация\Github\Dissertation D-codes\Probability Decoders\dcode\dcode\Codes\rmcode.cpp(946,38): warning C4334: <<: результат 32-разрядного смещения неявно преобразуется в 64-разрядное значение (предполагалось 64-разрядное смещение?)
C:\Users\Евгений\Documents\диск2\Научная работа\Кандидатская диссертация\Github\Dissertation D-codes\Probability Decoders\dcode\dcode\Codes\rmcode.cpp(980,50): warning C4334: <<: результат 32-разрядного смещения неявно преобразуется в 64-разрядное значение (предполагалось 64-разрядное смещение?)
C:\Users\Евгений\Documents\диск2\Научная работа\Кандидатская диссертация\Github\Dissertation D-codes\Probability Decoders\dcode\dcode\Codes\rmcode.cpp(981,56): warning C4334: <<: результат 32-разрядного смещения неявно преобразуется в 64-разрядное значение (предполагалось 64-разрядное смещение?)
C:\Users\Евгений\Documents\диск2\Научная работа\Кандидатская диссертация\Github\Dissertation D-codes\Probability Decoders\dcode\dcode\Codes\rmcode.cpp(982,41): warning C4334: <<: результат 32-разрядного смещения неявно преобразуется в 64-разрядное значение (предполагалось 64-разрядное смещение?)
C:\Users\Евгений\Documents\диск2\Научная работа\Кандидатская диссертация\Github\Dissertation D-codes\Probability Decoders\dcode\dcode\Codes\rmcode.cpp(984,54): warning C4334: <<: результат 32-разрядного смещения неявно преобразуется в 64-разрядное значение (предполагалось 64-разрядное смещение?)
C:\Users\Евгений\Documents\диск2\Научная работа\Кандидатская диссертация\Github\Dissertation D-codes\Probability Decoders\dcode\dcode\Codes\rmcode.cpp(990,43): warning C4334: <<: результат 32-разрядного смещения неявно преобразуется в 64-разрядное значение (предполагалось 64-разрядное смещение?)
C:\Users\Евгений\Documents\диск2\Научная работа\Кандидатская диссертация\Github\Dissertation D-codes\Probability Decoders\dcode\dcode\Codes\rmcode.cpp(1002,27): warning C4334: <<: результат 32-разрядного смещения неявно преобразуется в 64-разрядное значение (предполагалось 64-разрядное смещение?)
C:\Users\Евгений\Documents\диск2\Научная работа\Кандидатская диссертация\Github\Dissertation D-codes\Probability Decoders\dcode\dcode\Codes\rmcode.cpp(1004,38): warning C4334: <<: результат 32-разрядного смещения неявно преобразуется в 64-разрядное значение (предполагалось 64-разрядное смещение?)
C:\Users\Евгений\Documents\диск2\Научная работа\Кандидатская диссертация\Github\Dissertation D-codes\Probability Decoders\dcode\dcode\Codes\rmcode.cpp(1036,50): warning C4334: <<: результат 32-разрядного смещения неявно преобразуется в 64-разрядное значение (предполагалось 64-разрядное смещение?)
C:\Users\Евгений\Documents\диск2\Научная работа\Кандидатская диссертация\Github\Dissertation D-codes\Probability Decoders\dcode\dcode\Codes\rmcode.cpp(1037,56): warning C4334: <<: результат 32-разрядного смещения неявно преобразуется в 64-разрядное значение (предполагалось 64-разрядное смещение?)
C:\Users\Евгений\Documents\диск2\Научная работа\Кандидатская диссертация\Github\Dissertation D-codes\Probability Decoders\dcode\dcode\Codes\rmcode.cpp(1038,41): warning C4334: <<: результат 32-разрядного смещения неявно преобразуется в 64-разрядное значение (предполагалось 64-разрядное смещение?)
C:\Users\Евгений\Documents\диск2\Научная работа\Кандидатская диссертация\Github\Dissertation D-codes\Probability Decoders\dcode\dcode\Codes\rmcode.cpp(1040,54): warning C4334: <<: результат 32-разрядного смещения неявно преобразуется в 64-разрядное значение (предполагалось 64-разрядное смещение?)
C:\Users\Евгений\Documents\диск2\Научная работа\Кандидатская диссертация\Github\Dissertation D-codes\Probability Decoders\dcode\dcode\Codes\rmcode.cpp(1046,43): warning C4334: <<: результат 32-разрядного смещения неявно преобразуется в 64-разрядное значение (предполагалось 64-разрядное смещение?)
C:\Users\Евгений\Documents\диск2\Научная работа\Кандидатская диссертация\Github\Dissertation D-codes\Probability Decoders\dcode\dcode\Codes\rmcode.cpp(1058,27): warning C4334: <<: результат 32-разрядного смещения неявно преобразуется в 64-разрядное значение (предполагалось 64-разрядное смещение?)
C:\Users\Евгений\Documents\диск2\Научная работа\Кандидатская диссертация\Github\Dissertation D-codes\Probability Decoders\dcode\dcode\Codes\rmcode.cpp(1060,38): warning C4334: <<: результат 32-разрядного смещения неявно преобразуется в 64-разрядное значение (предполагалось 64-разрядное смещение?)
C:\Users\Евгений\Documents\диск2\Научная работа\Кандидатская диссертация\Github\Dissertation D-codes\Probability Decoders\dcode\dcode\Codes\rmcode.cpp(1085,29): warning C4334: <<: результат 32-разрядного смещения неявно преобразуется в 64-разрядное значение (предполагалось 64-разрядное смещение?)
C:\Users\Евгений\Documents\диск2\Научная работа\Кандидатская диссертация\Github\Dissertation D-codes\Probability Decoders\dcode\dcode\Codes\rmcode.cpp(1086,30): warning C4334: <<: результат 32-разрядного смещения неявно преобразуется в 64-разрядное значение (предполагалось 64-разрядное смещение?)
C:\Users\Евгений\Documents\диск2\Научная работа\Кандидатская диссертация\Github\Dissertation D-codes\Probability Decoders\dcode\dcode\Codes\rmcode.cpp(1087,34): warning C4334: <<: результат 32-разрядного смещения неявно преобразуется в 64-разрядное значение (предполагалось 64-разрядное смещение?)
C:\Users\Евгений\Documents\диск2\Научная работа\Кандидатская диссертация\Github\Dissertation D-codes\Probability Decoders\dcode\dcode\Codes\rmcode.cpp(1088,28): warning C4334: <<: результат 32-разрядного смещения неявно преобразуется в 64-разрядное значение (предполагалось 64-разрядное смещение?)
C:\Users\Евгений\Documents\диск2\Научная работа\Кандидатская диссертация\Github\Dissertation D-codes\Probability Decoders\dcode\dcode\Codes\rmcode.cpp(1113,29): warning C4334: <<: результат 32-разрядного смещения неявно преобразуется в 64-разрядное значение (предполагалось 64-разрядное смещение?)
C:\Users\Евгений\Documents\диск2\Научная работа\Кандидатская диссертация\Github\Dissertation D-codes\Probability Decoders\dcode\dcode\Codes\rmcode.cpp(1114,30): warning C4334: <<: результат 32-разрядного смещения неявно преобразуется в 64-разрядное значение (предполагалось 64-разрядное смещение?)
C:\Users\Евгений\Documents\диск2\Научная работа\Кандидатская диссертация\Github\Dissertation D-codes\Probability Decoders\dcode\dcode\Codes\rmcode.cpp(1115,34): warning C4334: <<: результат 32-разрядного смещения неявно преобразуется в 64-разрядное значение (предполагалось 64-разрядное смещение?)
C:\Users\Евгений\Documents\диск2\Научная работа\Кандидатская диссертация\Github\Dissertation D-codes\Probability Decoders\dcode\dcode\Codes\rmcode.cpp(1116,28): warning C4334: <<: результат 32-разрядного смещения неявно преобразуется в 64-разрядное значение (предполагалось 64-разрядное смещение?)
C:\Users\Евгений\Documents\диск2\Научная работа\Кандидатская диссертация\Github\Dissertation D-codes\Probability Decoders\dcode\dcode\Codes\rmcode.cpp(1147,29): warning C4334: <<: результат 32-разрядного смещения неявно преобразуется в 64-разрядное значение (предполагалось 64-разрядное смещение?)
C:\Users\Евгений\Documents\диск2\Научная работа\Кандидатская диссертация\Github\Dissertation D-codes\Probability Decoders\dcode\dcode\Codes\rmcode.cpp(1148,30): warning C4334: <<: результат 32-разрядного смещения неявно преобразуется в 64-разрядное значение (предполагалось 64-разрядное смещение?)
C:\Users\Евгений\Documents\диск2\Научная работа\Кандидатская диссертация\Github\Dissertation D-codes\Probability Decoders\dcode\dcode\Codes\rmcode.cpp(1149,34): warning C4334: <<: результат 32-разрядного смещения неявно преобразуется в 64-разрядное значение (предполагалось 64-разрядное смещение?)
C:\Users\Евгений\Documents\диск2\Научная работа\Кандидатская диссертация\Github\Dissertation D-codes\Probability Decoders\dcode\dcode\Codes\rmcode.cpp(1175,29): warning C4334: <<: результат 32-разрядного смещения неявно преобразуется в 64-разрядное значение (предполагалось 64-разрядное смещение?)
C:\Users\Евгений\Documents\диск2\Научная работа\Кандидатская диссертация\Github\Dissertation D-codes\Probability Decoders\dcode\dcode\Codes\rmcode.cpp(1176,30): warning C4334: <<: результат 32-разрядного смещения неявно преобразуется в 64-разрядное значение (предполагалось 64-разрядное смещение?)
C:\Users\Евгений\Documents\диск2\Научная работа\Кандидатская диссертация\Github\Dissertation D-codes\Probability Decoders\dcode\dcode\Codes\rmcode.cpp(1177,34): warning C4334: <<: результат 32-разрядного смещения неявно преобразуется в 64-разрядное значение (предполагалось 64-разрядное смещение?)
C:\Users\Евгений\Documents\диск2\Научная работа\Кандидатская диссертация\Github\Dissertation D-codes\Probability Decoders\dcode\dcode\Codes\rmcode.cpp(1202,57): warning C4244: +=: преобразование "qint64" в "uint32_t", возможна потеря данных
C:\Users\Евгений\Documents\диск2\Научная работа\Кандидатская диссертация\Github\Dissertation D-codes\Probability Decoders\dcode\dcode\Codes\rmcode.cpp(1213,40): warning C4334: <<: результат 32-разрядного смещения неявно преобразуется в 64-разрядное значение (предполагалось 64-разрядное смещение?)
C:\Users\Евгений\Documents\диск2\Научная работа\Кандидатская диссертация\Github\Dissertation D-codes\Probability Decoders\dcode\dcode\Codes\rmcode.cpp(1230,48): warning C4334: <<: результат 32-разрядного смещения неявно преобразуется в 64-разрядное значение (предполагалось 64-разрядное смещение?)
C:\Users\Евгений\Documents\диск2\Научная работа\Кандидатская диссертация\Github\Dissertation D-codes\Probability Decoders\dcode\dcode\Codes\rmcode.cpp(1286,99): warning C4334: <<: результат 32-разрядного смещения неявно преобразуется в 64-разрядное значение (предполагалось 64-разрядное смещение?)
C:\Users\Евгений\Documents\диск2\Научная работа\Кандидатская диссертация\Github\Dissertation D-codes\Probability Decoders\dcode\dcode\Codes\rmcode.cpp(1329,30): warning C4334: <<: результат 32-разрядного смещения неявно преобразуется в 64-разрядное значение (предполагалось 64-разрядное смещение?)
  sbitsmatrix.cpp
C:\Users\Евгений\Documents\диск2\Научная работа\Кандидатская диссертация\Github\Dissertation D-codes\Probability Decoders\dcode\dcode\Codes\sbitsmatrix.cpp(296,27): warning C4018: <: несоответствие типов со знаком и без знака
C:\Users\Евгений\Documents\диск2\Научная работа\Кандидатская диссертация\Github\Dissertation D-codes\Probability Decoders\dcode\dcode\Codes\sbitsmatrix.cpp(305,27): warning C4018: <: несоответствие типов со знаком и без знака
C:\Users\Евгений\Documents\диск2\Научная работа\Кандидатская диссертация\Github\Dissertation D-codes\Probability Decoders\dcode\dcode\Codes\sbitsmatrix.cpp(322,11): warning C4244: аргумент: преобразование "quint64" в "unsigned int", возможна потеря данных
C:\Users\Евгений\Documents\диск2\Научная работа\Кандидатская диссертация\Github\Dissertation D-codes\Probability Decoders\dcode\dcode\Codes\sbitsmatrix.cpp(393,29): warning C4267: =: преобразование из "size_t" в "unsigned int"; возможна потеря данных
C:\Users\Евгений\Documents\диск2\Научная работа\Кандидатская диссертация\Github\Dissertation D-codes\Probability Decoders\dcode\dcode\Codes\sbitsmatrix.cpp(412,29): warning C4267: =: преобразование из "size_t" в "unsigned int"; возможна потеря данных
  mced.cpp
C:\Users\Евгений\Documents\диск2\Научная работа\Кандидатская диссертация\Github\Dissertation D-codes\Probability Decoders\dcode\dcode\Codes\vectorspacef2.h(28,13): error C2065: cout: необъявленный идентификатор
  (compiling source file 'mced.cpp')
  
C:\Users\Евгений\Documents\диск2\Научная работа\Кандидатская диссертация\Github\Dissertation D-codes\Probability Decoders\dcode\dcode\Codes\vectorspacef2.h(35,51): warning C4244: =: преобразование "int64_t" в "int", возможна потеря данных
  (compiling source file 'mced.cpp')
  
C:\Users\Евгений\Documents\диск2\Научная работа\Кандидатская диссертация\Github\Dissertation D-codes\Probability Decoders\dcode\dcode\Codes\vectorspacef2.h(46,27): warning C4244: инициализация: преобразование "qint64" в "int", возможна потеря данных
  (compiling source file 'mced.cpp')
  
C:\Users\Евгений\Documents\диск2\Научная работа\Кандидатская диссертация\Github\Dissertation D-codes\Probability Decoders\dcode\dcode\Codes\vectorspacef2.h(51,17): error C2065: cout: необъявленный идентификатор
  (compiling source file 'mced.cpp')
  
C:\Users\Евгений\Documents\диск2\Научная работа\Кандидатская диссертация\Github\Dissertation D-codes\Probability Decoders\dcode\dcode\Codes\vectorspacef2.h(72,17): error C2065: cout: необъявленный идентификатор
  (compiling source file 'mced.cpp')
  
C:\Users\Евгений\Documents\диск2\Научная работа\Кандидатская диссертация\Github\Dissertation D-codes\Probability Decoders\dcode\dcode\Codes\rmcode.h(73,51): warning C4244: аргумент: преобразование "uint64_t" в "uint8_t", возможна потеря данных
  (compiling source file 'mced.cpp')
  
